2022/10/03 15:24:39 [notice] 1#1: using the "epoll" event method
2022/10/03 15:24:39 [notice] 1#1: nginx/1.23.1
2022/10/03 15:24:39 [notice] 1#1: built by gcc 10.2.1 20210110 (Debian 10.2.1-6) 
2022/10/03 15:24:39 [notice] 1#1: OS: Linux 5.10.124-linuxkit
2022/10/03 15:24:39 [notice] 1#1: getrlimit(RLIMIT_NOFILE): 1048576:1048576
2022/10/03 15:24:39 [notice] 1#1: start worker processes
2022/10/03 15:24:39 [notice] 1#1: start worker process 22
2022/10/03 15:24:39 [notice] 1#1: start worker process 23
2022/10/03 15:42:32 [error] 22#22: *1 connect() failed (111: Connection refused) while connecting to upstream, client: 172.26.0.1, server: 127.0.0.1, request: "GET /api/v1/memo/articles/1/ HTTP/1.1", upstream: "uwsgi://172.26.0.5:3000", host: "localhost:8000", referrer: "http://localhost:8080/"
2022/10/03 15:42:32 [warn] 22#22: *1 upstream server temporarily disabled while connecting to upstream, client: 172.26.0.1, server: 127.0.0.1, request: "GET /api/v1/memo/articles/1/ HTTP/1.1", upstream: "uwsgi://172.26.0.5:3000", host: "localhost:8000", referrer: "http://localhost:8080/"
2022/10/03 15:53:12 [notice] 1#1: signal 3 (SIGQUIT) received, shutting down
2022/10/03 15:53:12 [notice] 22#22: gracefully shutting down
2022/10/03 15:53:12 [notice] 23#23: gracefully shutting down
2022/10/03 15:53:12 [notice] 22#22: exiting
2022/10/03 15:53:12 [notice] 23#23: exiting
2022/10/03 15:53:12 [notice] 22#22: exit
2022/10/03 15:53:12 [notice] 23#23: exit
2022/10/03 15:53:13 [notice] 1#1: signal 17 (SIGCHLD) received from 22
2022/10/03 15:53:13 [notice] 1#1: worker process 22 exited with code 0
2022/10/03 15:53:13 [notice] 1#1: signal 29 (SIGIO) received
2022/10/03 15:53:13 [notice] 1#1: signal 17 (SIGCHLD) received from 23
2022/10/03 15:53:13 [notice] 1#1: worker process 23 exited with code 0
2022/10/03 15:53:13 [notice] 1#1: exit
2022/10/03 15:53:54 [emerg] 1#1: host not found in upstream "front:3000" in /etc/nginx/conf.d/nginx.conf:6
2022/10/03 16:02:49 [emerg] 1#1: host not found in upstream "front:8080" in /etc/nginx/conf.d/nginx.conf:6
2022/10/03 16:03:52 [notice] 1#1: using the "epoll" event method
2022/10/03 16:03:52 [notice] 1#1: nginx/1.23.1
2022/10/03 16:03:52 [notice] 1#1: built by gcc 10.2.1 20210110 (Debian 10.2.1-6) 
2022/10/03 16:03:52 [notice] 1#1: OS: Linux 5.10.124-linuxkit
2022/10/03 16:03:52 [notice] 1#1: getrlimit(RLIMIT_NOFILE): 1048576:1048576
2022/10/03 16:03:52 [notice] 1#1: start worker processes
2022/10/03 16:03:52 [notice] 1#1: start worker process 22
2022/10/03 16:03:52 [notice] 1#1: start worker process 23
2022/10/03 16:04:33 [notice] 1#1: signal 3 (SIGQUIT) received, shutting down
2022/10/03 16:04:33 [notice] 22#22: gracefully shutting down
2022/10/03 16:04:33 [notice] 22#22: exiting
2022/10/03 16:04:33 [notice] 23#23: gracefully shutting down
2022/10/03 16:04:33 [notice] 22#22: exit
2022/10/03 16:04:33 [notice] 23#23: exiting
2022/10/03 16:04:33 [notice] 23#23: exit
2022/10/03 16:04:33 [notice] 1#1: signal 17 (SIGCHLD) received from 22
2022/10/03 16:04:33 [notice] 1#1: worker process 22 exited with code 0
2022/10/03 16:04:33 [notice] 1#1: worker process 23 exited with code 0
2022/10/03 16:04:33 [notice] 1#1: exit
2022/10/03 16:04:41 [notice] 1#1: using the "epoll" event method
2022/10/03 16:04:41 [notice] 1#1: nginx/1.23.1
2022/10/03 16:04:41 [notice] 1#1: built by gcc 10.2.1 20210110 (Debian 10.2.1-6) 
2022/10/03 16:04:41 [notice] 1#1: OS: Linux 5.10.124-linuxkit
2022/10/03 16:04:41 [notice] 1#1: getrlimit(RLIMIT_NOFILE): 1048576:1048576
2022/10/03 16:04:41 [notice] 1#1: start worker processes
2022/10/03 16:04:41 [notice] 1#1: start worker process 22
2022/10/03 16:04:41 [notice] 1#1: start worker process 23
